go: downloading github.com/pkg/diff v0.0.0-20210226163009-20ebb0f2a09e
go: downloading github.com/spf13/cobra v1.10.2
go: downloading github.com/spf13/pflag v1.0.10
go: downloading github.com/a8m/envsubst v1.4.3
go: downloading github.com/alecthomas/participle/v2 v2.1.4
go: downloading github.com/dimchansky/utfbom v1.1.1
go: downloading github.com/elliotchance/orderedmap v1.8.0
go: downloading github.com/fatih/color v1.19.0
go: downloading github.com/go-ini/ini v1.67.0
go: downloading github.com/goccy/go-json v0.10.6
go: downloading github.com/goccy/go-yaml v1.19.2
go: downloading github.com/hashicorp/hcl/v2 v2.24.0
go: downloading github.com/jinzhu/copier v0.4.0
go: downloading github.com/magiconair/properties v1.8.10
go: downloading github.com/pelletier/go-toml/v2 v2.3.0
go: downloading github.com/yuin/gopher-lua v1.1.2
go: downloading github.com/zclconf/go-cty v1.18.0
go: downloading go.yaml.in/yaml/v4 v4.0.0-rc.4
go: downloading golang.org/x/net v0.52.0
go: downloading golang.org/x/text v0.35.0
go: downloading github.com/mattn/go-colorable v0.1.14
go: downloading github.com/mattn/go-isatty v0.0.20
go: downloading github.com/agext/levenshtein v1.2.1
go: downloading github.com/apparentlymart/go-textseg/v15 v15.0.0
go: downloading github.com/google/go-cmp v0.6.0
go: downloading github.com/mitchellh/go-wordwrap v1.0.1
go: downloading golang.org/x/sys v0.42.0
