egrep: warning: egrep is obsolescent; using grep -E
egrep: warning: egrep is obsolescent; using grep -E
egrep: warning: egrep is obsolescent; using grep -E
egrep: warning: egrep is obsolescent; using grep -E
egrep: warning: egrep is obsolescent; using grep -E
egrep: warning: egrep is obsolescent; using grep -E
egrep: warning: egrep is obsolescent; using grep -E
egrep: warning: egrep is obsolescent; using grep -E
egrep: warning: egrep is obsolescent; using grep -E
time=2026-04-19T14:15:01.416-07:00 level=WARN msg="yq default output is now 'auto' (based on the filename extension). Normally yq would output 'properties', but for backwards compatibility 'yaml' has been set. Please use -oy to specify yaml, or drop the -p flag."
time=2026-04-19T14:15:01.445-07:00 level=WARN msg="yq default output is now 'auto' (based on the filename extension). Normally yq would output 'properties', but for backwards compatibility 'yaml' has been set. Please use -oy to specify yaml, or drop the -p flag."
time=2026-04-19T14:15:01.536-07:00 level=WARN msg="yq default output is now 'auto' (based on the filename extension). Normally yq would output 'properties', but for backwards compatibility 'yaml' has been set. Please use -oy to specify yaml, or drop the -p flag."
time=2026-04-19T14:15:01.563-07:00 level=WARN msg="yq default output is now 'auto' (based on the filename extension). Normally yq would output 'properties', but for backwards compatibility 'yaml' has been set. Please use -oy to specify yaml, or drop the -p flag."
time=2026-04-19T14:15:01.645-07:00 level=WARN msg="yq default output is now 'auto' (based on the filename extension). Normally yq would output 'csv', but for backwards compatibility 'yaml' has been set. Please use -oy to specify yaml, or drop the -p flag."
time=2026-04-19T14:15:01.680-07:00 level=WARN msg="yq default output is now 'auto' (based on the filename extension). Normally yq would output 'csv', but for backwards compatibility 'yaml' has been set. Please use -oy to specify yaml, or drop the -p flag."
time=2026-04-19T14:15:01.770-07:00 level=WARN msg="yq default output is now 'auto' (based on the filename extension). Normally yq would output 'csv', but for backwards compatibility 'yaml' has been set. Please use -oy to specify yaml, or drop the -p flag."
time=2026-04-19T14:15:01.796-07:00 level=WARN msg="yq default output is now 'auto' (based on the filename extension). Normally yq would output 'csv', but for backwards compatibility 'yaml' has been set. Please use -oy to specify yaml, or drop the -p flag."
time=2026-04-19T14:15:02.111-07:00 level=WARN msg="yq default output is now 'auto' (based on the filename extension). Normally yq would output 'csv', but for backwards compatibility 'yaml' has been set. Please use -oy to specify yaml, or drop the -p flag."
time=2026-04-19T14:15:02.192-07:00 level=WARN msg="yq default output is now 'auto' (based on the filename extension). Normally yq would output 'tsv', but for backwards compatibility 'yaml' has been set. Please use -oy to specify yaml, or drop the -p flag."
time=2026-04-19T14:15:02.220-07:00 level=WARN msg="yq default output is now 'auto' (based on the filename extension). Normally yq would output 'tsv', but for backwards compatibility 'yaml' has been set. Please use -oy to specify yaml, or drop the -p flag."
time=2026-04-19T14:15:02.305-07:00 level=WARN msg="yq default output is now 'auto' (based on the filename extension). Normally yq would output 'kyaml', but for backwards compatibility 'yaml' has been set. Please use -oy to specify yaml, or drop the -p flag."
time=2026-04-19T14:15:02.335-07:00 level=WARN msg="yq default output is now 'auto' (based on the filename extension). Normally yq would output 'kyaml', but for backwards compatibility 'yaml' has been set. Please use -oy to specify yaml, or drop the -p flag."
time=2026-04-19T14:15:02.428-07:00 level=WARN msg="yq default output is now 'auto' (based on the filename extension). Normally yq would output 'yml', but for backwards compatibility 'yaml' has been set. Please use -oy to specify yaml, or drop the -p flag."
time=2026-04-19T14:15:02.454-07:00 level=WARN msg="yq default output is now 'auto' (based on the filename extension). Normally yq would output 'yml', but for backwards compatibility 'yaml' has been set. Please use -oy to specify yaml, or drop the -p flag."
time=2026-04-19T14:15:02.537-07:00 level=WARN msg="yq default output is now 'auto' (based on the filename extension). Normally yq would output 'xml', but for backwards compatibility 'yaml' has been set. Please use -oy to specify yaml, or drop the -p flag."
time=2026-04-19T14:15:02.567-07:00 level=WARN msg="yq default output is now 'auto' (based on the filename extension). Normally yq would output 'xml', but for backwards compatibility 'yaml' has been set. Please use -oy to specify yaml, or drop the -p flag."
time=2026-04-19T14:15:02.984-07:00 level=WARN msg="yq default output is now 'auto' (based on the filename extension). Normally yq would output 'yml', but for backwards compatibility 'yaml' has been set. Please use -oy to specify yaml, or drop the -p flag."
time=2026-04-19T14:15:03.012-07:00 level=WARN msg="yq default output is now 'auto' (based on the filename extension). Normally yq would output 'yml', but for backwards compatibility 'yaml' has been set. Please use -oy to specify yaml, or drop the -p flag."
egrep: warning: egrep is obsolescent; using grep -E
rm: cannot remove 'test*.yml': No such file or directory
Flag --tojson has been deprecated, please use -o=json instead
Flag --tojson has been deprecated, please use -o=json instead
egrep: warning: egrep is obsolescent; using grep -E
egrep: warning: egrep is obsolescent; using grep -E
/home/tqc/dev/cmpt473/yq-fork/acceptance_tests/nul-separator.sh: line 101: hd: command not found
/home/tqc/dev/cmpt473/yq-fork/acceptance_tests/nul-separator.sh: line 101: hd: command not found
Error: 1:1: lexer: invalid input text "xxx"
Error: can't serialise value because it contains NUL char and you are using NUL separated output
Error: can't serialise value because it contains NUL char and you are using NUL separated output
Error: read-0-err couldn't fill all value E = '0', 'b', '0'
Error: can't serialise value because it contains NUL char and you are using NUL separated output
Error: can't serialise value because it contains NUL char and you are using NUL separated output
Error: read-0-err couldn't fill all value E = '1', 'b', '1'
egrep: warning: egrep is obsolescent; using grep -E
Flag --tojson has been deprecated, please use -o=json instead
Flag --tojson has been deprecated, please use -o=json instead
egrep: warning: egrep is obsolescent; using grep -E
egrep: warning: egrep is obsolescent; using grep -E
egrep: warning: egrep is obsolescent; using grep -E
egrep: warning: egrep is obsolescent; using grep -E
