time=2026-04-14T21:45:51.789-07:00 level=WARN msg="yq default output is now 'auto' (based on the filename extension). Normally yq would output 'properties', but for backwards compatibility 'yaml' has been set. Please use -oy to specify yaml, or drop the -p flag."
time=2026-04-14T21:45:51.797-07:00 level=WARN msg="yq default output is now 'auto' (based on the filename extension). Normally yq would output 'properties', but for backwards compatibility 'yaml' has been set. Please use -oy to specify yaml, or drop the -p flag."
time=2026-04-14T21:45:51.814-07:00 level=WARN msg="yq default output is now 'auto' (based on the filename extension). Normally yq would output 'properties', but for backwards compatibility 'yaml' has been set. Please use -oy to specify yaml, or drop the -p flag."
time=2026-04-14T21:45:51.823-07:00 level=WARN msg="yq default output is now 'auto' (based on the filename extension). Normally yq would output 'properties', but for backwards compatibility 'yaml' has been set. Please use -oy to specify yaml, or drop the -p flag."
time=2026-04-14T21:45:51.840-07:00 level=WARN msg="yq default output is now 'auto' (based on the filename extension). Normally yq would output 'csv', but for backwards compatibility 'yaml' has been set. Please use -oy to specify yaml, or drop the -p flag."
time=2026-04-14T21:45:51.848-07:00 level=WARN msg="yq default output is now 'auto' (based on the filename extension). Normally yq would output 'csv', but for backwards compatibility 'yaml' has been set. Please use -oy to specify yaml, or drop the -p flag."
time=2026-04-14T21:45:51.863-07:00 level=WARN msg="yq default output is now 'auto' (based on the filename extension). Normally yq would output 'csv', but for backwards compatibility 'yaml' has been set. Please use -oy to specify yaml, or drop the -p flag."
time=2026-04-14T21:45:51.871-07:00 level=WARN msg="yq default output is now 'auto' (based on the filename extension). Normally yq would output 'csv', but for backwards compatibility 'yaml' has been set. Please use -oy to specify yaml, or drop the -p flag."
time=2026-04-14T21:45:51.928-07:00 level=WARN msg="yq default output is now 'auto' (based on the filename extension). Normally yq would output 'csv', but for backwards compatibility 'yaml' has been set. Please use -oy to specify yaml, or drop the -p flag."
time=2026-04-14T21:45:51.944-07:00 level=WARN msg="yq default output is now 'auto' (based on the filename extension). Normally yq would output 'tsv', but for backwards compatibility 'yaml' has been set. Please use -oy to specify yaml, or drop the -p flag."
time=2026-04-14T21:45:51.952-07:00 level=WARN msg="yq default output is now 'auto' (based on the filename extension). Normally yq would output 'tsv', but for backwards compatibility 'yaml' has been set. Please use -oy to specify yaml, or drop the -p flag."
time=2026-04-14T21:45:51.967-07:00 level=WARN msg="yq default output is now 'auto' (based on the filename extension). Normally yq would output 'kyaml', but for backwards compatibility 'yaml' has been set. Please use -oy to specify yaml, or drop the -p flag."
time=2026-04-14T21:45:51.975-07:00 level=WARN msg="yq default output is now 'auto' (based on the filename extension). Normally yq would output 'kyaml', but for backwards compatibility 'yaml' has been set. Please use -oy to specify yaml, or drop the -p flag."
time=2026-04-14T21:45:51.992-07:00 level=WARN msg="yq default output is now 'auto' (based on the filename extension). Normally yq would output 'yml', but for backwards compatibility 'yaml' has been set. Please use -oy to specify yaml, or drop the -p flag."
time=2026-04-14T21:45:51.999-07:00 level=WARN msg="yq default output is now 'auto' (based on the filename extension). Normally yq would output 'yml', but for backwards compatibility 'yaml' has been set. Please use -oy to specify yaml, or drop the -p flag."
time=2026-04-14T21:45:52.013-07:00 level=WARN msg="yq default output is now 'auto' (based on the filename extension). Normally yq would output 'xml', but for backwards compatibility 'yaml' has been set. Please use -oy to specify yaml, or drop the -p flag."
time=2026-04-14T21:45:52.021-07:00 level=WARN msg="yq default output is now 'auto' (based on the filename extension). Normally yq would output 'xml', but for backwards compatibility 'yaml' has been set. Please use -oy to specify yaml, or drop the -p flag."
time=2026-04-14T21:45:52.083-07:00 level=WARN msg="yq default output is now 'auto' (based on the filename extension). Normally yq would output 'yml', but for backwards compatibility 'yaml' has been set. Please use -oy to specify yaml, or drop the -p flag."
time=2026-04-14T21:45:52.091-07:00 level=WARN msg="yq default output is now 'auto' (based on the filename extension). Normally yq would output 'yml', but for backwards compatibility 'yaml' has been set. Please use -oy to specify yaml, or drop the -p flag."
rm: cannot remove 'test*.yml': No such file or directory
Flag --tojson has been deprecated, please use -o=json instead
Flag --tojson has been deprecated, please use -o=json instead
Error: 1:1: lexer: invalid input text "xxx"
Error: can't serialise value because it contains NUL char and you are using NUL separated output
Error: can't serialise value because it contains NUL char and you are using NUL separated output
Error: read-0-err couldn't fill all value E = '0', 'b', '0'
Error: can't serialise value because it contains NUL char and you are using NUL separated output
Error: can't serialise value because it contains NUL char and you are using NUL separated output
Error: read-0-err couldn't fill all value E = '1', 'b', '1'
Flag --tojson has been deprecated, please use -o=json instead
Flag --tojson has been deprecated, please use -o=json instead
