--------------------------------------------------------------
acceptance_tests/bad_args.sh
--------------------------------------------------------------
testWriteInPlacePipeIn
testWriteInPlacePipeInEvalall
testWriteInPlaceWithSplit
testWriteInPlaceWithSplitEvalAll
testNullWithFiles
testNullWithFilesEvalAll

Ran [1;36m6[0m tests.

[1;32mOK[0m
--------------------------------------------------------------
acceptance_tests/basic.sh
--------------------------------------------------------------
testBasicEvalRoundTrip
testBasicTrailingContent
testBasicTrailingContent
testBasicTrailingContentEvalAll
testBasicTrailingContentEvalAll
testBasicPipeWithDot
testBasicExpressionMatchesFileName
testBasicExpressionFromFile
testBasicExpressionFromFileDos
testBasicGitHubAction
testBasicGitHubActionWithExpression
testBasicEvalAllAllFiles
testBasicCatWithFilesNoDash
testBasicCreateFileGithubAction
testBasicEvalAllCatWithFilesNoDash
testBasicCatWithFilesNoDashWithExp
testBasicEvalAllCatWithFilesNoDashWithExp
testBasicStdInWithFiles
testBasicEvalAllStdInWithFiles
testBasicStdInWithFilesReverse
testBasicEvalAllStdInWithFilesReverse
testBasicEvalRoundTripNoEval
testBasicStdInWithOneArg
testBasicUpdateInPlaceSequence
testBasicUpdateInPlaceSequenceNoEval
testBasicUpdateInPlaceSequenceEvalAll
testBasicUpdateInPlaceMultipleFilesNoExpressionEval
testBasicUpdateInPlaceMultipleFilesNoExpressionEvalAll
testBasicNoExitStatus
testBasicExitStatus
testBasicExitStatusNoEval
testBasicExtractFieldWithSeparator
testBasicExtractMultipleFieldWithSeparator
testBasicMultiplyAssignMultiDoc
testBasicClosedStdIn

Ran [1;36m35[0m tests.

[1;32mOK[0m
--------------------------------------------------------------
acceptance_tests/completion.sh
--------------------------------------------------------------
testCompletionRuns

Ran [1;36m1[0m test.

[1;32mOK[0m
--------------------------------------------------------------
acceptance_tests/empty.sh
--------------------------------------------------------------
testEmptyEval
testEmptyEvalNoNewLine
testEmptyEvalNoNewLineWithExpression
testEmptyEvalPipe
testEmptyCommentsWithExpressionEval
testEmptyCommentsWithExpressionEvalAll
testEmptyWithExpressionEval
testEmptyWithExpressionEvalAll

Ran [1;36m8[0m tests.

[1;32mOK[0m
--------------------------------------------------------------
acceptance_tests/flags.sh
--------------------------------------------------------------
testStringInterpolation
testNoStringInterpolation

Ran [1;36m2[0m tests.

[1;32mOK[0m
--------------------------------------------------------------
acceptance_tests/front-matter.sh
--------------------------------------------------------------
testFrontMatterProcessEval
testFrontMatterProcessEvalAll
testFrontMatterExtractEval
testFrontMatterExtractEvalAll

Ran [1;36m4[0m tests.

[1;32mOK[0m
--------------------------------------------------------------
acceptance_tests/header-processing-off.sh
--------------------------------------------------------------
testLineCountFirstLineComment
testArrayOfDocs

Ran [1;36m2[0m tests.

[1;32mOK[0m
--------------------------------------------------------------
acceptance_tests/inputs-format-auto.sh
--------------------------------------------------------------
testInputJson
testInputToml
testInputTfstate
testInputJsonOutputYaml
testInputProperties
testInputPropertiesGitHubAction
testInputCSV
testInputCSVUTF8
testInputTSV
testInputXml
testInputXmlNamespaces
testInputXmlStrict
testInputXmlGithubAction

Ran [1;36m13[0m tests.

[1;32mOK[0m
--------------------------------------------------------------
acceptance_tests/inputs-format.sh
--------------------------------------------------------------
testInputProperties
testInputPropertiesGitHubAction
testInputCSV
testInputCSVCustomSeparator
testInputCSVNoAuto
testInputTSVNoAuto
testInputCSVUTF8
testInputTSV
testInputKYaml
testInputXml
testInputXmlNamespaces
testInputXmlRoundtrip
testInputXmlStrict
testInputXmlGithubAction
testInputTerraform
testInputTerraformGithubAction

Ran [1;36m16[0m tests.

[1;32mOK[0m
--------------------------------------------------------------
acceptance_tests/leading-separator.sh
--------------------------------------------------------------
testLeadingSeparatorWithDoc
testLeadingSeparatorWithNewlinesNewDoc
testLeadingSeparatorWithNewlinesMoreComments
testLeadingSeparatorWithDirective
testLeadingSeparatorPipeIntoEvalSeq
testLeadingSeparatorExtractField
testLeadingSeparatorExtractFieldWithCommentsAfterSep
testLeadingSeparatorExtractFieldWithCommentsBeforeSep
testLeadingSeparatorExtractFieldMultiDoc
testLeadingSeparatorExtractFieldMultiDocWithComments
testLeadingSeparatorEvalSeq
testLeadingSeparatorPipeIntoEvalAll
testLeadingSeparatorEvalAll
testLeadingSeparatorMultiDocEvalSimple
testLeadingSeparatorMultiDocInOneFile
testLeadingSeparatorMultiDocInOneFileEvalAll
testLeadingSeparatorMultiDocEvalComments
testLeadingSeparatorMultiDocEvalCommentsTrailingSep
testLeadingSeparatorMultiMultiDocEvalCommentsTrailingSep
testLeadingSeparatorMultiDocEvalCommentsLeadingSep
testLeadingSeparatorDoesNotBreakCommentsOnOtherFiles
testLeadingSeparatorMultiDocEvalCommentsStripComments
testLeadingSeparatorMultiDocEvalCommentsLeadingSepNoDocFlag
testLeadingSeparatorMultiDocEvalJsonFlag
testLeadingSeparatorMultiDocEvalAllJsonFlag
testLeadingSeparatorMultiDocEvalAll

Ran [1;36m26[0m tests.

[1;32mOK[0m
--------------------------------------------------------------
acceptance_tests/load-file.sh
--------------------------------------------------------------
testLoadFileNotExist
testLoadFileExpNotExist
testStrLoadFileNotExist
testStrLoadFileExpNotExist

Ran [1;36m4[0m tests.

[1;32mOK[0m
--------------------------------------------------------------
acceptance_tests/nul-separator.sh
--------------------------------------------------------------
testBasicUsageRaw
testBasicUsage
testBasicUsageJson
testFailWithValueContainingNUL
testStandardLoop
testStandardLoopWithoutEnoughValues
testStandardLoopWithInternalCmdError
testStandardLoopNotEnoughErrorEatsCmdError

Ran [1;36m8[0m tests.

[1;32mOK[0m
--------------------------------------------------------------
acceptance_tests/output-format.sh
--------------------------------------------------------------
testOutputJsonDeprecated
testOutputJson
testOutputYamlRawDefault
testOutputYamlRawOff
testOutputYamlRawOnRoot
testOutputJsonRaw
testOutputJsonDefault
testOutputJsonShort
testOutputProperties
testOutputPropertiesDontUnwrap
testOutputPropertiesShort
testOutputCSV
testOutputCSVCustomSeparator
testOutputTSV
testOutputXml
testOutputXmlShort
testOutputKYaml
testOutputKYamlShort
testOutputXmComplex
testLuaOutputPretty
testLuaOutputSubset

Ran [1;36m21[0m tests.

[1;32mOK[0m
--------------------------------------------------------------
acceptance_tests/pipe.sh
--------------------------------------------------------------
testPipeViaCatWithParam
testPipeViaCatWithParamEval
testPipeViaCatWithParamEvalAll
testPipeViaCatNoParam
testPipeViaCatNoParamEval
testPipeViaCatNoParamEvalAll
testPipeViaFileishWithParam
testPipeViaFileishWithParamEval
testPipeViaFileishWithParamEvalAll
testPipeViaFileishNoParam
testPipeViaFileishNoParamEval
testPipeViaFileishNoParamEvalAll

Ran [1;36m12[0m tests.

[1;32mOK[0m
--------------------------------------------------------------
acceptance_tests/pretty-print.sh
--------------------------------------------------------------
testPrettyPrintWithBooleans
testPrettyPrintWithBooleansCapitals
testPrettyPrintOtherStringValues
testPrettyPrintKeys
testPrettyPrintOtherStringValues
testPrettyPrintStringBlocks
testPrettyPrintWithExpression

Ran [1;36m7[0m tests.

[1;32mOK[0m
--------------------------------------------------------------
acceptance_tests/shebang.sh
--------------------------------------------------------------
testCanExecYqFile

Ran [1;36m1[0m test.

[1;32mOK[0m
--------------------------------------------------------------
acceptance_tests/split-printer.sh
--------------------------------------------------------------
testBasicSplitWithName
testBasicSplitWithNameCustomExtension
testSplitFromFile
testBasicSplitWithNameEvalAll
testBasicSplitWithIndex
testBasicSplitWithIndexEvalAll
testArraySplitWithNameNoSeparators
testArraySplitWithNameNoSeparatorsEvalAll
testSplitWithDirectories

Ran [1;36m9[0m tests.

[1;32mOK[0m
