time=2026-04-12T17:32:20.918-07:00 level=WARN msg="yq default output is now 'auto' (based on the filename extension). Normally yq would output 'properties', but for backwards compatibility 'yaml' has been set. Please use -oy to specify yaml, or drop the -p flag."
time=2026-04-12T17:32:20.935-07:00 level=WARN msg="yq default output is now 'auto' (based on the filename extension). Normally yq would output 'properties', but for backwards compatibility 'yaml' has been set. Please use -oy to specify yaml, or drop the -p flag."
time=2026-04-12T17:32:21.101-07:00 level=WARN msg="yq default output is now 'auto' (based on the filename extension). Normally yq would output 'properties', but for backwards compatibility 'yaml' has been set. Please use -oy to specify yaml, or drop the -p flag."
time=2026-04-12T17:32:21.117-07:00 level=WARN msg="yq default output is now 'auto' (based on the filename extension). Normally yq would output 'properties', but for backwards compatibility 'yaml' has been set. Please use -oy to specify yaml, or drop the -p flag."
time=2026-04-12T17:32:21.160-07:00 level=WARN msg="yq default output is now 'auto' (based on the filename extension). Normally yq would output 'csv', but for backwards compatibility 'yaml' has been set. Please use -oy to specify yaml, or drop the -p flag."
time=2026-04-12T17:32:21.176-07:00 level=WARN msg="yq default output is now 'auto' (based on the filename extension). Normally yq would output 'csv', but for backwards compatibility 'yaml' has been set. Please use -oy to specify yaml, or drop the -p flag."
time=2026-04-12T17:32:21.218-07:00 level=WARN msg="yq default output is now 'auto' (based on the filename extension). Normally yq would output 'csv', but for backwards compatibility 'yaml' has been set. Please use -oy to specify yaml, or drop the -p flag."
time=2026-04-12T17:32:21.233-07:00 level=WARN msg="yq default output is now 'auto' (based on the filename extension). Normally yq would output 'csv', but for backwards compatibility 'yaml' has been set. Please use -oy to specify yaml, or drop the -p flag."
time=2026-04-12T17:32:21.397-07:00 level=WARN msg="yq default output is now 'auto' (based on the filename extension). Normally yq would output 'csv', but for backwards compatibility 'yaml' has been set. Please use -oy to specify yaml, or drop the -p flag."
time=2026-04-12T17:32:21.441-07:00 level=WARN msg="yq default output is now 'auto' (based on the filename extension). Normally yq would output 'tsv', but for backwards compatibility 'yaml' has been set. Please use -oy to specify yaml, or drop the -p flag."
time=2026-04-12T17:32:21.456-07:00 level=WARN msg="yq default output is now 'auto' (based on the filename extension). Normally yq would output 'tsv', but for backwards compatibility 'yaml' has been set. Please use -oy to specify yaml, or drop the -p flag."
time=2026-04-12T17:32:21.498-07:00 level=WARN msg="yq default output is now 'auto' (based on the filename extension). Normally yq would output 'kyaml', but for backwards compatibility 'yaml' has been set. Please use -oy to specify yaml, or drop the -p flag."
time=2026-04-12T17:32:21.514-07:00 level=WARN msg="yq default output is now 'auto' (based on the filename extension). Normally yq would output 'kyaml', but for backwards compatibility 'yaml' has been set. Please use -oy to specify yaml, or drop the -p flag."
time=2026-04-12T17:32:21.563-07:00 level=WARN msg="yq default output is now 'auto' (based on the filename extension). Normally yq would output 'yml', but for backwards compatibility 'yaml' has been set. Please use -oy to specify yaml, or drop the -p flag."
time=2026-04-12T17:32:21.580-07:00 level=WARN msg="yq default output is now 'auto' (based on the filename extension). Normally yq would output 'yml', but for backwards compatibility 'yaml' has been set. Please use -oy to specify yaml, or drop the -p flag."
time=2026-04-12T17:32:21.628-07:00 level=WARN msg="yq default output is now 'auto' (based on the filename extension). Normally yq would output 'xml', but for backwards compatibility 'yaml' has been set. Please use -oy to specify yaml, or drop the -p flag."
time=2026-04-12T17:32:21.645-07:00 level=WARN msg="yq default output is now 'auto' (based on the filename extension). Normally yq would output 'xml', but for backwards compatibility 'yaml' has been set. Please use -oy to specify yaml, or drop the -p flag."
time=2026-04-12T17:32:21.819-07:00 level=WARN msg="yq default output is now 'auto' (based on the filename extension). Normally yq would output 'yml', but for backwards compatibility 'yaml' has been set. Please use -oy to specify yaml, or drop the -p flag."
time=2026-04-12T17:32:21.834-07:00 level=WARN msg="yq default output is now 'auto' (based on the filename extension). Normally yq would output 'yml', but for backwards compatibility 'yaml' has been set. Please use -oy to specify yaml, or drop the -p flag."
rm: test*.yml: No such file or directory
Flag --tojson has been deprecated, please use -o=json instead
Flag --tojson has been deprecated, please use -o=json instead
/Users/tran/Desktop/CMPT 473/yq/acceptance_tests/nul-separator.sh: line 101: hd: command not found
/Users/tran/Desktop/CMPT 473/yq/acceptance_tests/nul-separator.sh: line 101: hd: command not found
Error: 1:1: lexer: invalid input text "xxx"
Error: can't serialise value because it contains NUL char and you are using NUL separated output
Error: can't serialise value because it contains NUL char and you are using NUL separated output
Error: read-0-err couldn't fill all value E = '0', 'b', '0'
Error: can't serialise value because it contains NUL char and you are using NUL separated output
Error: can't serialise value because it contains NUL char and you are using NUL separated output
Error: read-0-err couldn't fill all value E = '1', 'b', '1'
Flag --tojson has been deprecated, please use -o=json instead
Flag --tojson has been deprecated, please use -o=json instead
